# JRE version: Java(TM) SE Runtime Environment (17.0.10+11) (build 17.0.10+11-LTS-240)
# Java VM: Java HotSpot(TM) 64-Bit Server VM (17.0.10+11-LTS-240, mixed mode, sharing, tiered, compressed oops, compressed class ptrs, g1 gc, windows-amd64)
GC Precious Log:
 CPUs: 4 total, 4 available
 Memory: 3895M
 Large Page Support: Disabled
 NUMA Support: Disabled
 Compressed Oops: Enabled (32-bit)
 Heap Region Size: 1M
 Heap Min Capacity: 8M
 Heap Initial Capacity: 62M
 Heap Max Capacity: 974M
 Pre-touch: Disabled
 Parallel Workers: 4
 Concurrent Workers: 1
 Concurrent Refinement Workers: 4
 Periodic GC: Disabled
Heap:
 garbage-first heap   total 63488K, used 36089K [0x00000000c3200000, 0x0000000100000000)
  region size 1024K, 33 young (33792K), 4 survivors (4096K)
 Metaspace       used 21076K, committed 21440K, reserved 1114112K
  class space    used 2542K, committed 2752K, reserved 1048576K
GC Heap History (6 events):
Event: 1.102 GC heap before
{Heap before GC invocations=0 (full 0):
 garbage-first heap   total 63488K, used 12288K [0x00000000c3200000, 0x0000000100000000)
  region size 1024K, 13 young (13312K), 0 survivors (0K)
 Metaspace       used 3314K, committed 3456K, reserved 1114112K
  class space    used 384K, committed 448K, reserved 1048576K
}
Event: 1.110 GC heap after
{Heap after GC invocations=1 (full 0):
 garbage-first heap   total 63488K, used 3720K [0x00000000c3200000, 0x0000000100000000)
  region size 1024K, 2 young (2048K), 2 survivors (2048K)
 Metaspace       used 3314K, committed 3456K, reserved 1114112K
  class space    used 384K, committed 448K, reserved 1048576K
}
Event: 1.923 GC heap before
{Heap before GC invocations=1 (full 0):
 garbage-first heap   total 63488K, used 17032K [0x00000000c3200000, 0x0000000100000000)
  region size 1024K, 15 young (15360K), 2 survivors (2048K)
 Metaspace       used 6859K, committed 7104K, reserved 1114112K
  class space    used 734K, committed 832K, reserved 1048576K
}
Event: 1.930 GC heap after
{Heap after GC invocations=2 (full 0):
 garbage-first heap   total 63488K, used 5470K [0x00000000c3200000, 0x0000000100000000)
  region size 1024K, 2 young (2048K), 2 survivors (2048K)
 Metaspace       used 6859K, committed 7104K, reserved 1114112K
  class space    used 734K, committed 832K, reserved 1048576K
}
Event: 3.078 GC heap before
{Heap before GC invocations=2 (full 0):
 garbage-first heap   total 63488K, used 29022K [0x00000000c3200000, 0x0000000100000000)
  region size 1024K, 25 young (25600K), 2 survivors (2048K)
 Metaspace       used 12089K, committed 12352K, reserved 1114112K
  class space    used 1363K, committed 1472K, reserved 1048576K
}
Event: 3.087 GC heap after
{Heap after GC invocations=3 (full 0):
 garbage-first heap   total 63488K, used 7417K [0x00000000c3200000, 0x0000000100000000)
  region size 1024K, 4 young (4096K), 4 survivors (4096K)
 Metaspace       used 12089K, committed 12352K, reserved 1114112K
  class space    used 1363K, committed 1472K, reserved 1048576K
}

